Using pre-set license
Built from '2020.3/staging' branch; Version is '2020.3.0f1 (c7b5465681fb) revision 13088070'; Using compiler version '192528614'; Build Type 'Release'
OS: 'Windows 10 Home; OS build 19042.985; Version 2009; 64bit' Language: 'es' Physical Memory: 16085 MB
BatchMode: 1, IsHumanControllingUs: 0, StartBugReporterOnCrash: 0, Is64bit: 1, IsPro: 0

 COMMAND LINE ARGUMENTS:
C:\Program Files\2020.3.0f1\Editor\Unity.exe
-adb2
-batchMode
-noUpm
-name
AssetImportWorker0
-projectPath
C:/Users/colac/Documents/Unity/John Lemon
-logFile
Logs/AssetImportWorker0.log
-srvPort
62418
Successfully changed project path to: C:/Users/colac/Documents/Unity/John Lemon
C:/Users/colac/Documents/Unity/John Lemon
Using Asset Import Pipeline V2.
Refreshing native plugins compatible for Editor in 40.19 ms, found 0 plugins.
Preloading 0 native plugins for Editor in 0.00 ms.
Initialize engine version: 2020.3.0f1 (c7b5465681fb)
[Subsystems] Discovering subsystems at path C:/Program Files/2020.3.0f1/Editor/Data/Resources/UnitySubsystems
[Subsystems] Discovering subsystems at path C:/Users/colac/Documents/Unity/John Lemon/Assets
GfxDevice: creating device client; threaded=0
Direct3D:
    Version:  Direct3D 11.0 [level 11.1]
    Renderer: NVIDIA GeForce GTX 1650 with Max-Q Design (ID=0x1f99)
    Vendor:   
    VRAM:     3965 MB
    Driver:   27.21.14.5183
Initialize mono
Mono path[0] = 'C:/Program Files/2020.3.0f1/Editor/Data/Managed'
Mono path[1] = 'C:/Program Files/2020.3.0f1/Editor/Data/MonoBleedingEdge/lib/mono/unityjit'
Mono config path = 'C:/Program Files/2020.3.0f1/Editor/Data/MonoBleedingEdge/etc'
Using monoOptions --debugger-agent=transport=dt_socket,embedding=1,server=y,suspend=n,address=127.0.0.1:56352
Begin MonoManager ReloadAssembly
Registering precompiled unity dll's ...
Register platform support module: C:/Program Files/2020.3.0f1/Editor/Data/PlaybackEngines/WindowsStandaloneSupport/UnityEditor.WindowsStandalone.Extensions.dll
Registered in 0.001273 seconds.
Native extension for WindowsStandalone target not found
Refreshing native plugins compatible for Editor in 30.15 ms, found 0 plugins.
Preloading 0 native plugins for Editor in 0.00 ms.
Invoked RoslynAnalysisRunner static constructor.
RoslynAnalysisRunner will not be running.
RoslynAnalysisRunner has terminated.
Mono: successfully reloaded assembly
- Completed reload, in  0.745 seconds
Platform modules already initialized, skipping
Registering precompiled user dll's ...
Registered in 0.001885 seconds.
Begin MonoManager ReloadAssembly
Native extension for WindowsStandalone target not found
Refreshing native plugins compatible for Editor in 0.35 ms, found 0 plugins.
Preloading 0 native plugins for Editor in 0.00 ms.
Invoked RoslynAnalysisRunner static constructor.
RoslynAnalysisRunner will not be running.
RoslynAnalysisRunner has terminated.
Mono: successfully reloaded assembly
- Completed reload, in  0.622 seconds
Platform modules already initialized, skipping
========================================================================
Worker process is ready to serve import requests
Launched and connected shader compiler UnityShaderCompiler.exe after 0.04 seconds
Refreshing native plugins compatible for Editor in 0.38 ms, found 0 plugins.
Preloading 0 native plugins for Editor in 0.00 ms.
Unloading 1624 Unused Serialized files (Serialized files now loaded: 0)
System memory in use before: 149.0 MB.
System memory in use after: 149.1 MB.

Unloading 36 unused Assets to reduce memory usage. Loaded Objects now: 2057.
Total: 1.722300 ms (FindLiveObjects: 0.161500 ms CreateObjectMapping: 0.052400 ms MarkObjects: 1.397300 ms  DeleteObjects: 0.110200 ms)

========================================================================
Received Import Request.
  path: ProjectSettings/TagManager.asset
  artifactKey: Guid(00000000000000003000000000000000) Importer(815301076,1909f56bfc062723c751e8b465ee728b)
Start importing ProjectSettings/TagManager.asset using Guid(00000000000000003000000000000000) Importer(815301076,1909f56bfc062723c751e8b465ee728b)  -> (artifact id: '779d5949113fa91bb85f64f090860d93') in 0.028137 seconds
  Import took 0.030560 seconds .

========================================================================
Received Import Request.
  Time since last request: 14.198578 seconds.
  path: ProjectSettings/TagManager.asset
  artifactKey: Guid(00000000000000003000000000000000) Importer(815301076,1909f56bfc062723c751e8b465ee728b)
Start importing ProjectSettings/TagManager.asset using Guid(00000000000000003000000000000000) Importer(815301076,1909f56bfc062723c751e8b465ee728b)  -> (artifact id: '3bbc90e3697869e76e735484292dd386') in 0.002871 seconds
  Import took 0.006003 seconds .

========================================================================
Received Import Request.
  Time since last request: 693.812578 seconds.
  path: Assets/Scenes/Main Scene_Profiles
  artifactKey: Guid(a1169d88c8c87314e9509324dda0c98e) Importer(815301076,1909f56bfc062723c751e8b465ee728b)
Start importing Assets/Scenes/Main Scene_Profiles using Guid(a1169d88c8c87314e9509324dda0c98e) Importer(815301076,1909f56bfc062723c751e8b465ee728b)  -> (artifact id: 'efaddffaeebf0c99f1fa52780b864421') in 0.007537 seconds
  Import took 0.010804 seconds .

========================================================================
Received Import Request.
  Time since last request: 0.000732 seconds.
  path: Assets/Scenes/Main Scene_Profiles
  artifactKey: Guid(a1169d88c8c87314e9509324dda0c98e) Importer(815301076,1909f56bfc062723c751e8b465ee728b)
Start importing Assets/Scenes/Main Scene_Profiles using Guid(a1169d88c8c87314e9509324dda0c98e) Importer(815301076,1909f56bfc062723c751e8b465ee728b)  -> (artifact id: 'efaddffaeebf0c99f1fa52780b864421') in 0.002200 seconds
  Import took 0.005451 seconds .

========================================================================
Received Import Request.
  Time since last request: 1.209974 seconds.
  path: Assets/Scenes/Main Scene_Profiles/GlobalPost Profile.asset
  artifactKey: Guid(91b524591a2ec7b46a4d0b3f2298b502) Importer(815301076,1909f56bfc062723c751e8b465ee728b)
Start importing Assets/Scenes/Main Scene_Profiles/GlobalPost Profile.asset using Guid(91b524591a2ec7b46a4d0b3f2298b502) Importer(815301076,1909f56bfc062723c751e8b465ee728b)  -> (artifact id: '789dc196e1f39c834b3b9b48c3260ac7') in 0.007572 seconds
  Import took 0.010122 seconds .

========================================================================
Received Import Request.
  Time since last request: 107.184430 seconds.
  path: Assets/Scenes/Main Scene_Profiles/GlobalPost Profile.asset
  artifactKey: Guid(91b524591a2ec7b46a4d0b3f2298b502) Importer(815301076,1909f56bfc062723c751e8b465ee728b)
Start importing Assets/Scenes/Main Scene_Profiles/GlobalPost Profile.asset using Guid(91b524591a2ec7b46a4d0b3f2298b502) Importer(815301076,1909f56bfc062723c751e8b465ee728b)  -> (artifact id: '0cec635530f794f01d9aee48caa4d869') in 0.015457 seconds
  Import took 0.020488 seconds .

========================================================================
Received Import Request.
  Time since last request: 220.784749 seconds.
  path: Assets/Scenes/Main Scene_Profiles/GlobalPost Profile.asset
  artifactKey: Guid(91b524591a2ec7b46a4d0b3f2298b502) Importer(815301076,1909f56bfc062723c751e8b465ee728b)
Start importing Assets/Scenes/Main Scene_Profiles/GlobalPost Profile.asset using Guid(91b524591a2ec7b46a4d0b3f2298b502) Importer(815301076,1909f56bfc062723c751e8b465ee728b)  -> (artifact id: '8a27fc93b86ada2b5e313185c802dcbf') in 0.003464 seconds
  Import took 0.007104 seconds .

========================================================================
Received Import Request.
  Time since last request: 180.028812 seconds.
  path: Assets/Scenes/Main Scene_Profiles/GlobalPost Profile.asset
  artifactKey: Guid(91b524591a2ec7b46a4d0b3f2298b502) Importer(815301076,1909f56bfc062723c751e8b465ee728b)
Start importing Assets/Scenes/Main Scene_Profiles/GlobalPost Profile.asset using Guid(91b524591a2ec7b46a4d0b3f2298b502) Importer(815301076,1909f56bfc062723c751e8b465ee728b)  -> (artifact id: '18f6cb42868e06caa92706f8227a0726') in 0.003547 seconds
  Import took 0.006012 seconds .

========================================================================
Received Import Request.
  Time since last request: 32.275258 seconds.
  path: Assets/Scenes/Main Scene_Profiles/GlobalPost Profile.asset
  artifactKey: Guid(91b524591a2ec7b46a4d0b3f2298b502) Importer(815301076,1909f56bfc062723c751e8b465ee728b)
Start importing Assets/Scenes/Main Scene_Profiles/GlobalPost Profile.asset using Guid(91b524591a2ec7b46a4d0b3f2298b502) Importer(815301076,1909f56bfc062723c751e8b465ee728b)  -> (artifact id: 'ea5b058e7f5b555bdcfdfc67447e997a') in 0.004385 seconds
  Import took 0.007244 seconds .

========================================================================
Received Import Request.
  Time since last request: 43.686756 seconds.
  path: Assets/Scenes/Main Scene_Profiles/GlobalPost Profile.asset
  artifactKey: Guid(91b524591a2ec7b46a4d0b3f2298b502) Importer(815301076,1909f56bfc062723c751e8b465ee728b)
Start importing Assets/Scenes/Main Scene_Profiles/GlobalPost Profile.asset using Guid(91b524591a2ec7b46a4d0b3f2298b502) Importer(815301076,1909f56bfc062723c751e8b465ee728b)  -> (artifact id: '30eaaef4bdc2bfdf1cac523132aa708f') in 0.002978 seconds
  Import took 0.005533 seconds .

========================================================================
Received Import Request.
  Time since last request: 15.903783 seconds.
  path: Assets/Scenes/Main Scene_Profiles/GlobalPost Profile.asset
  artifactKey: Guid(91b524591a2ec7b46a4d0b3f2298b502) Importer(815301076,1909f56bfc062723c751e8b465ee728b)
Start importing Assets/Scenes/Main Scene_Profiles/GlobalPost Profile.asset using Guid(91b524591a2ec7b46a4d0b3f2298b502) Importer(815301076,1909f56bfc062723c751e8b465ee728b)  -> (artifact id: '005d2aa9ab453976a23d42ccf6b0e4f2') in 0.004416 seconds
  Import took 0.007069 seconds .

========================================================================
Received Import Request.
  Time since last request: 50.610519 seconds.
  path: Assets/Scenes/Main Scene_Profiles/GlobalPost Profile.asset
  artifactKey: Guid(91b524591a2ec7b46a4d0b3f2298b502) Importer(815301076,1909f56bfc062723c751e8b465ee728b)
Start importing Assets/Scenes/Main Scene_Profiles/GlobalPost Profile.asset using Guid(91b524591a2ec7b46a4d0b3f2298b502) Importer(815301076,1909f56bfc062723c751e8b465ee728b)  -> (artifact id: '9ba597bf00ece9da719aa60956639ddc') in 0.002970 seconds
  Import took 0.005816 seconds .

========================================================================
Received Import Request.
  Time since last request: 77.211901 seconds.
  path: Assets/Scenes/Main Scene_Profiles/GlobalPost Profile.asset
  artifactKey: Guid(91b524591a2ec7b46a4d0b3f2298b502) Importer(815301076,1909f56bfc062723c751e8b465ee728b)
Start importing Assets/Scenes/Main Scene_Profiles/GlobalPost Profile.asset using Guid(91b524591a2ec7b46a4d0b3f2298b502) Importer(815301076,1909f56bfc062723c751e8b465ee728b)  -> (artifact id: '245b8f8cd29324d7085bdadede1d463e') in 0.004099 seconds
  Import took 0.006961 seconds .

========================================================================
Received Import Request.
  Time since last request: 48.775679 seconds.
  path: Assets/Scenes/Main Scene_Profiles/GlobalPost Profile.asset
  artifactKey: Guid(91b524591a2ec7b46a4d0b3f2298b502) Importer(815301076,1909f56bfc062723c751e8b465ee728b)
Start importing Assets/Scenes/Main Scene_Profiles/GlobalPost Profile.asset using Guid(91b524591a2ec7b46a4d0b3f2298b502) Importer(815301076,1909f56bfc062723c751e8b465ee728b)  -> (artifact id: '7371a057c7616280165649a0592b338d') in 0.003153 seconds
  Import took 0.006466 seconds .

========================================================================
Received Import Request.
  Time since last request: 34.615258 seconds.
  path: Assets/Scenes/Main Scene_Profiles/GlobalPost Profile.asset
  artifactKey: Guid(91b524591a2ec7b46a4d0b3f2298b502) Importer(815301076,1909f56bfc062723c751e8b465ee728b)
Start importing Assets/Scenes/Main Scene_Profiles/GlobalPost Profile.asset using Guid(91b524591a2ec7b46a4d0b3f2298b502) Importer(815301076,1909f56bfc062723c751e8b465ee728b)  -> (artifact id: 'e7c87507d9d68d48cced098680441307') in 0.003224 seconds
  Import took 0.005680 seconds .

========================================================================
Received Import Request.
  Time since last request: 28.044691 seconds.
  path: Assets/Scenes/Main Scene_Profiles/GlobalPost Profile.asset
  artifactKey: Guid(91b524591a2ec7b46a4d0b3f2298b502) Importer(815301076,1909f56bfc062723c751e8b465ee728b)
Start importing Assets/Scenes/Main Scene_Profiles/GlobalPost Profile.asset using Guid(91b524591a2ec7b46a4d0b3f2298b502) Importer(815301076,1909f56bfc062723c751e8b465ee728b)  -> (artifact id: 'a8f2f98985008bd5f4e74265702f4749') in 0.004334 seconds
  Import took 0.007120 seconds .

========================================================================
Received Import Request.
  Time since last request: 76.448997 seconds.
  path: Assets/Scenes/Main Scene_Profiles/GlobalPost Profile.asset
  artifactKey: Guid(91b524591a2ec7b46a4d0b3f2298b502) Importer(815301076,1909f56bfc062723c751e8b465ee728b)
Start importing Assets/Scenes/Main Scene_Profiles/GlobalPost Profile.asset using Guid(91b524591a2ec7b46a4d0b3f2298b502) Importer(815301076,1909f56bfc062723c751e8b465ee728b)  -> (artifact id: '7b0c2f11f4c2ba2574ce404c76417fe6') in 0.004112 seconds
  Import took 0.006583 seconds .

========================================================================
Received Import Request.
  Time since last request: 46.496845 seconds.
  path: Assets/Scenes/Main Scene_Profiles/GlobalPost Profile.asset
  artifactKey: Guid(91b524591a2ec7b46a4d0b3f2298b502) Importer(815301076,1909f56bfc062723c751e8b465ee728b)
Start importing Assets/Scenes/Main Scene_Profiles/GlobalPost Profile.asset using Guid(91b524591a2ec7b46a4d0b3f2298b502) Importer(815301076,1909f56bfc062723c751e8b465ee728b)  -> (artifact id: '160d1a9962a43326a8fb98ed45bae2f4') in 0.003692 seconds
  Import took 0.006843 seconds .

========================================================================
Received Import Request.
  Time since last request: 45.638948 seconds.
  path: Assets/Scenes/Main Scene_Profiles/GlobalPost Profile.asset
  artifactKey: Guid(91b524591a2ec7b46a4d0b3f2298b502) Importer(815301076,1909f56bfc062723c751e8b465ee728b)
Start importing Assets/Scenes/Main Scene_Profiles/GlobalPost Profile.asset using Guid(91b524591a2ec7b46a4d0b3f2298b502) Importer(815301076,1909f56bfc062723c751e8b465ee728b)  -> (artifact id: 'a3dffafc155d47e0f7f43ce5d5c81ecc') in 0.003121 seconds
  Import took 0.005456 seconds .

========================================================================
Received Import Request.
  Time since last request: 17.004503 seconds.
  path: Assets/Scenes/Main Scene_Profiles/GlobalPost Profile.asset
  artifactKey: Guid(91b524591a2ec7b46a4d0b3f2298b502) Importer(815301076,1909f56bfc062723c751e8b465ee728b)
Start importing Assets/Scenes/Main Scene_Profiles/GlobalPost Profile.asset using Guid(91b524591a2ec7b46a4d0b3f2298b502) Importer(815301076,1909f56bfc062723c751e8b465ee728b)  -> (artifact id: '06d670e9093d76208679ee91ede79983') in 0.004808 seconds
  Import took 0.011891 seconds .

========================================================================
Received Import Request.
  Time since last request: 52.426754 seconds.
  path: Assets/Scenes/Main Scene_Profiles/GlobalPost Profile.asset
  artifactKey: Guid(91b524591a2ec7b46a4d0b3f2298b502) Importer(815301076,1909f56bfc062723c751e8b465ee728b)
Start importing Assets/Scenes/Main Scene_Profiles/GlobalPost Profile.asset using Guid(91b524591a2ec7b46a4d0b3f2298b502) Importer(815301076,1909f56bfc062723c751e8b465ee728b)  -> (artifact id: '35090487c95b52a9a642f123ecda300c') in 0.003011 seconds
  Import took 0.005678 seconds .

========================================================================
Received Import Request.
  Time since last request: 8.809937 seconds.
  path: Assets/Scenes/Main Scene_Profiles/GlobalPost Profile.asset
  artifactKey: Guid(91b524591a2ec7b46a4d0b3f2298b502) Importer(815301076,1909f56bfc062723c751e8b465ee728b)
Start importing Assets/Scenes/Main Scene_Profiles/GlobalPost Profile.asset using Guid(91b524591a2ec7b46a4d0b3f2298b502) Importer(815301076,1909f56bfc062723c751e8b465ee728b)  -> (artifact id: 'd74657ff89be127981a3ff9c5e4420f2') in 0.003084 seconds
  Import took 0.005523 seconds .

========================================================================
Received Import Request.
  Time since last request: 59.318708 seconds.
  path: Assets/Scenes/Main Scene_Profiles/GlobalPost Profile.asset
  artifactKey: Guid(91b524591a2ec7b46a4d0b3f2298b502) Importer(815301076,1909f56bfc062723c751e8b465ee728b)
Start importing Assets/Scenes/Main Scene_Profiles/GlobalPost Profile.asset using Guid(91b524591a2ec7b46a4d0b3f2298b502) Importer(815301076,1909f56bfc062723c751e8b465ee728b)  -> (artifact id: '119c3541968d3d61f864a822f87420c1') in 0.003459 seconds
  Import took 0.006124 seconds .

========================================================================
Received Import Request.
  Time since last request: 28.477590 seconds.
  path: Assets/Scenes/Main Scene_Profiles/GlobalPost Profile.asset
  artifactKey: Guid(91b524591a2ec7b46a4d0b3f2298b502) Importer(815301076,1909f56bfc062723c751e8b465ee728b)
Start importing Assets/Scenes/Main Scene_Profiles/GlobalPost Profile.asset using Guid(91b524591a2ec7b46a4d0b3f2298b502) Importer(815301076,1909f56bfc062723c751e8b465ee728b)  -> (artifact id: '3e1c2ceab5efa0ece5b6831c133bfafb') in 0.004325 seconds
  Import took 0.007453 seconds .

========================================================================
Received Prepare
Registering precompiled user dll's ...
Registered in 0.002386 seconds.
Begin MonoManager ReloadAssembly
Native extension for WindowsStandalone target not found
Refreshing native plugins compatible for Editor in 0.55 ms, found 0 plugins.
Preloading 0 native plugins for Editor in 0.00 ms.
Invoked RoslynAnalysisRunner static constructor.
RoslynAnalysisRunner will not be running.
RoslynAnalysisRunner has terminated.
Mono: successfully reloaded assembly
- Completed reload, in  0.726 seconds
Platform modules already initialized, skipping
Refreshing native plugins compatible for Editor in 0.45 ms, found 0 plugins.
Preloading 0 native plugins for Editor in 0.00 ms.
Unloading 1586 Unused Serialized files (Serialized files now loaded: 0)
System memory in use before: 146.7 MB.
System memory in use after: 146.7 MB.

Unloading 29 unused Assets to reduce memory usage. Loaded Objects now: 2060.
Total: 1.839600 ms (FindLiveObjects: 0.135500 ms CreateObjectMapping: 0.056500 ms MarkObjects: 1.562200 ms  DeleteObjects: 0.084100 ms)

========================================================================
Received Prepare
Registering precompiled user dll's ...
Registered in 0.002184 seconds.
Begin MonoManager ReloadAssembly
Native extension for WindowsStandalone target not found
Refreshing native plugins compatible for Editor in 0.41 ms, found 0 plugins.
Preloading 0 native plugins for Editor in 0.00 ms.
Invoked RoslynAnalysisRunner static constructor.
RoslynAnalysisRunner will not be running.
RoslynAnalysisRunner has terminated.
Mono: successfully reloaded assembly
- Completed reload, in  0.711 seconds
Platform modules already initialized, skipping
Refreshing native plugins compatible for Editor in 0.43 ms, found 0 plugins.
Preloading 0 native plugins for Editor in 0.00 ms.
Unloading 1586 Unused Serialized files (Serialized files now loaded: 0)
System memory in use before: 146.7 MB.
System memory in use after: 146.8 MB.

Unloading 27 unused Assets to reduce memory usage. Loaded Objects now: 2063.
Total: 1.934800 ms (FindLiveObjects: 0.297600 ms CreateObjectMapping: 0.094100 ms MarkObjects: 1.458900 ms  DeleteObjects: 0.082200 ms)

========================================================================
Received Prepare
Registering precompiled user dll's ...
Registered in 0.003383 seconds.
Begin MonoManager ReloadAssembly
Native extension for WindowsStandalone target not found
Refreshing native plugins compatible for Editor in 0.41 ms, found 0 plugins.
Preloading 0 native plugins for Editor in 0.00 ms.
Invoked RoslynAnalysisRunner static constructor.
RoslynAnalysisRunner will not be running.
RoslynAnalysisRunner has terminated.
Mono: successfully reloaded assembly
- Completed reload, in  0.651 seconds
Platform modules already initialized, skipping
Refreshing native plugins compatible for Editor in 0.44 ms, found 0 plugins.
Preloading 0 native plugins for Editor in 0.00 ms.
Unloading 1586 Unused Serialized files (Serialized files now loaded: 0)
System memory in use before: 146.7 MB.
System memory in use after: 146.8 MB.

Unloading 27 unused Assets to reduce memory usage. Loaded Objects now: 2066.
Total: 1.786500 ms (FindLiveObjects: 0.163800 ms CreateObjectMapping: 0.054100 ms MarkObjects: 1.488700 ms  DeleteObjects: 0.078200 ms)

========================================================================
Received Prepare
Registering precompiled user dll's ...
Registered in 0.001819 seconds.
Begin MonoManager ReloadAssembly
Native extension for WindowsStandalone target not found
Refreshing native plugins compatible for Editor in 0.43 ms, found 0 plugins.
Preloading 0 native plugins for Editor in 0.00 ms.
Invoked RoslynAnalysisRunner static constructor.
RoslynAnalysisRunner will not be running.
RoslynAnalysisRunner has terminated.
Mono: successfully reloaded assembly
- Completed reload, in  0.552 seconds
Platform modules already initialized, skipping
Refreshing native plugins compatible for Editor in 0.44 ms, found 0 plugins.
Preloading 0 native plugins for Editor in 0.00 ms.
Unloading 1586 Unused Serialized files (Serialized files now loaded: 0)
System memory in use before: 146.7 MB.
System memory in use after: 146.8 MB.

Unloading 27 unused Assets to reduce memory usage. Loaded Objects now: 2069.
Total: 2.034900 ms (FindLiveObjects: 0.252700 ms CreateObjectMapping: 0.053900 ms MarkObjects: 1.661000 ms  DeleteObjects: 0.065800 ms)

========================================================================
Received Import Request.
  Time since last request: 299.614785 seconds.
  path: Assets/Scenes/Main Scene_Profiles/GlobalPost Profile.asset
  artifactKey: Guid(91b524591a2ec7b46a4d0b3f2298b502) Importer(815301076,1909f56bfc062723c751e8b465ee728b)
Start importing Assets/Scenes/Main Scene_Profiles/GlobalPost Profile.asset using Guid(91b524591a2ec7b46a4d0b3f2298b502) Importer(815301076,1909f56bfc062723c751e8b465ee728b)  -> (artifact id: '5f939ef8d22f1589ff5e7445fb582c04') in 0.021390 seconds
  Import took 0.023840 seconds .

AssetImportWorkerClient::OnTransportError - code=2 error=End of file
